<?xml version="1.0" encoding="UTF-8"?>
<!-- Generated by org.testng.reporters.JUnitReportReporter -->
<testsuite hostname="DESKTOP-G318PPP" failures="0" tests="4" name="runnerFile.RunnerFileTestNG" time="79.238" errors="0" timestamp="2022-08-01T14:33:11 WIB" skipped="0">
  <testcase classname="runnerFile.RunnerFileTestNG" name="runScenario" time="0.018"/>
  <system-out/>
  <testcase classname="runnerFile.RunnerFileTestNG" name="runScenario" time="43.209"/>
  <system-out/>
  <testcase classname="runnerFile.RunnerFileTestNG" name="runScenario" time="35.813"/>
  <system-out/>
  <testcase classname="runnerFile.RunnerFileTestNG" name="runScenario" time="0.198"/>
  <system-out/>
</testsuite> <!-- runnerFile.RunnerFileTestNG -->
