<?xml version="1.0" encoding="UTF-8"?>
<!-- Generated by org.testng.reporters.JUnitReportReporter -->
<testsuite hostname="DESKTOP-G318PPP" failures="0" tests="4" name="runnerFile.RunnerFileTestNG" time="23.500" errors="0" timestamp="2022-07-19T20:16:31 WIB" skipped="0">
  <testcase classname="runnerFile.RunnerFileTestNG" name="runScenario" time="14.358"/>
  <system-out/>
  <testcase classname="runnerFile.RunnerFileTestNG" name="runScenario" time="0.019"/>
  <system-out/>
  <testcase classname="runnerFile.RunnerFileTestNG" name="runScenario" time="8.904"/>
  <system-out/>
  <testcase classname="runnerFile.RunnerFileTestNG" name="runScenario" time="0.219"/>
  <system-out/>
</testsuite> <!-- runnerFile.RunnerFileTestNG -->
